2025-07-27T13:37:45: 
2025-07-27T13:37:45: > johnstreet@0.1.0 server:python
2025-07-27T13:37:45: > cd .. && python main.py
2025-07-27T13:37:45: 
2025-07-27T13:37:45: 
2025-07-27T13:37:45: > johnstreet@0.1.0 server:python
2025-07-27T13:37:45: > cd .. && python main.py
2025-07-27T13:37:45: 
2025-07-27T13:37:45: 
2025-07-27T13:37:45: > johnstreet@0.1.0 server:python
2025-07-27T13:37:45: > cd .. && python main.py
2025-07-27T13:37:45: 
2025-07-27T13:37:45: 
2025-07-27T13:37:45: > johnstreet@0.1.0 server:python
2025-07-27T13:37:45: > cd .. && python main.py
2025-07-27T13:37:45: 
2025-07-27T13:37:45: 
2025-07-27T13:37:45: > johnstreet@0.1.0 server:python
2025-07-27T13:37:45: > cd .. && python main.py
2025-07-27T13:37:45: 
2025-07-27T13:37:46: 
2025-07-27T13:37:46: > johnstreet@0.1.0 server:python
2025-07-27T13:37:46: > cd .. && python main.py
2025-07-27T13:37:46: 
2025-07-27T13:37:46: 
2025-07-27T13:37:46: > johnstreet@0.1.0 server:python
2025-07-27T13:37:46: > cd .. && python main.py
2025-07-27T13:37:46: 
2025-07-27T13:37:46: 
2025-07-27T13:37:46: > johnstreet@0.1.0 server:python
2025-07-27T13:37:46: > cd .. && python main.py
2025-07-27T13:37:46: 
2025-07-27T13:37:46: 
2025-07-27T13:37:46: > johnstreet@0.1.0 server:python
2025-07-27T13:37:46: > cd .. && python main.py
2025-07-27T13:37:46: 
2025-07-27T13:37:46: 
2025-07-27T13:37:46: > johnstreet@0.1.0 server:python
2025-07-27T13:37:46: > cd .. && python main.py
2025-07-27T13:37:46: 
2025-07-27T13:37:46: 
2025-07-27T13:37:46: > johnstreet@0.1.0 server:python
2025-07-27T13:37:46: > cd .. && python main.py
2025-07-27T13:37:46: 
2025-07-27T13:37:47: 
2025-07-27T13:37:47: > johnstreet@0.1.0 server:python
2025-07-27T13:37:47: > cd .. && python main.py
2025-07-27T13:37:47: 
2025-07-27T13:37:47: 
2025-07-27T13:37:47: > johnstreet@0.1.0 server:python
2025-07-27T13:37:47: > cd .. && python main.py
2025-07-27T13:37:47: 
2025-07-27T13:37:47: 
2025-07-27T13:37:47: > johnstreet@0.1.0 server:python
2025-07-27T13:37:47: > cd .. && python main.py
2025-07-27T13:37:47: 
2025-07-27T13:37:47: 
2025-07-27T13:37:47: > johnstreet@0.1.0 server:python
2025-07-27T13:37:47: > cd .. && python main.py
2025-07-27T13:37:47: 
2025-07-27T13:37:47: 
2025-07-27T13:37:47: > johnstreet@0.1.0 server:python
2025-07-27T13:37:47: > cd .. && python main.py
2025-07-27T13:37:47: 
2025-07-27T13:39:44: 
2025-07-27T13:39:44: > johnstreet@0.1.0 server:python
2025-07-27T13:39:44: > cd .. && python main.py
2025-07-27T13:39:44: 
2025-07-27T13:39:44: 
2025-07-27T13:39:44: > johnstreet@0.1.0 server:python
2025-07-27T13:39:44: > cd .. && python main.py
2025-07-27T13:39:44: 
2025-07-27T13:39:45: 
2025-07-27T13:39:45: > johnstreet@0.1.0 server:python
2025-07-27T13:39:45: > cd .. && python main.py
2025-07-27T13:39:45: 
2025-07-27T13:39:45: 
2025-07-27T13:39:45: > johnstreet@0.1.0 server:python
2025-07-27T13:39:45: > cd .. && python main.py
2025-07-27T13:39:45: 
2025-07-27T13:39:45: 
2025-07-27T13:39:45: > johnstreet@0.1.0 server:python
2025-07-27T13:39:45: > cd .. && python main.py
2025-07-27T13:39:45: 
2025-07-27T13:39:45: 
2025-07-27T13:39:45: > johnstreet@0.1.0 server:python
2025-07-27T13:39:45: > cd .. && python main.py
2025-07-27T13:39:45: 
2025-07-27T13:39:45: 
2025-07-27T13:39:45: > johnstreet@0.1.0 server:python
2025-07-27T13:39:45: > cd .. && python main.py
2025-07-27T13:39:45: 
2025-07-27T13:39:45: 
2025-07-27T13:39:45: > johnstreet@0.1.0 server:python
2025-07-27T13:39:45: > cd .. && python main.py
2025-07-27T13:39:45: 
2025-07-27T13:39:45: 
2025-07-27T13:39:45: > johnstreet@0.1.0 server:python
2025-07-27T13:39:45: > cd .. && python main.py
2025-07-27T13:39:45: 
2025-07-27T13:39:46: 
2025-07-27T13:39:46: > johnstreet@0.1.0 server:python
2025-07-27T13:39:46: > cd .. && python main.py
2025-07-27T13:39:46: 
2025-07-27T13:39:46: 
2025-07-27T13:39:46: > johnstreet@0.1.0 server:python
2025-07-27T13:39:46: > cd .. && python main.py
2025-07-27T13:39:46: 
2025-07-27T13:39:46: 
2025-07-27T13:39:46: > johnstreet@0.1.0 server:python
2025-07-27T13:39:46: > cd .. && python main.py
2025-07-27T13:39:46: 
2025-07-27T13:39:46: 
2025-07-27T13:39:46: > johnstreet@0.1.0 server:python
2025-07-27T13:39:46: > cd .. && python main.py
2025-07-27T13:39:46: 
2025-07-27T13:39:46: 
2025-07-27T13:39:46: > johnstreet@0.1.0 server:python
2025-07-27T13:39:46: > cd .. && python main.py
2025-07-27T13:39:46: 
2025-07-27T13:39:46: 
2025-07-27T13:39:46: > johnstreet@0.1.0 server:python
2025-07-27T13:39:46: > cd .. && python main.py
2025-07-27T13:39:46: 
2025-07-27T13:39:47: 
2025-07-27T13:39:47: > johnstreet@0.1.0 server:python
2025-07-27T13:39:47: > cd .. && python main.py
2025-07-27T13:39:47: 
2025-07-27T13:39:50: 
2025-07-27T13:39:50: > johnstreet@0.1.0 server:python
2025-07-27T13:39:50: > cd .. && python main.py
2025-07-27T13:39:50: 
2025-07-27T13:39:50: 
2025-07-27T13:39:50: > johnstreet@0.1.0 server:python
2025-07-27T13:39:50: > cd .. && python main.py
2025-07-27T13:39:50: 
2025-07-27T13:39:50: 
2025-07-27T13:39:50: > johnstreet@0.1.0 server:python
2025-07-27T13:39:50: > cd .. && python main.py
2025-07-27T13:39:50: 
2025-07-27T13:39:50: 
2025-07-27T13:39:50: > johnstreet@0.1.0 server:python
2025-07-27T13:39:50: > cd .. && python main.py
2025-07-27T13:39:50: 
2025-07-27T13:39:50: 
2025-07-27T13:39:50: > johnstreet@0.1.0 server:python
2025-07-27T13:39:50: > cd .. && python main.py
2025-07-27T13:39:50: 
2025-07-27T13:39:50: 
2025-07-27T13:39:50: > johnstreet@0.1.0 server:python
2025-07-27T13:39:50: > cd .. && python main.py
2025-07-27T13:39:50: 
2025-07-27T13:39:51: 
2025-07-27T13:39:51: > johnstreet@0.1.0 server:python
2025-07-27T13:39:51: > cd .. && python main.py
2025-07-27T13:39:51: 
2025-07-27T13:39:51: 
2025-07-27T13:39:51: > johnstreet@0.1.0 server:python
2025-07-27T13:39:51: > cd .. && python main.py
2025-07-27T13:39:51: 
2025-07-27T13:39:51: 
2025-07-27T13:39:51: > johnstreet@0.1.0 server:python
2025-07-27T13:39:51: > cd .. && python main.py
2025-07-27T13:39:51: 
2025-07-27T13:39:51: 
2025-07-27T13:39:51: > johnstreet@0.1.0 server:python
2025-07-27T13:39:51: > cd .. && python main.py
2025-07-27T13:39:51: 
2025-07-27T13:39:51: 
2025-07-27T13:39:51: > johnstreet@0.1.0 server:python
2025-07-27T13:39:51: > cd .. && python main.py
2025-07-27T13:39:51: 
2025-07-27T13:39:51: 
2025-07-27T13:39:51: > johnstreet@0.1.0 server:python
2025-07-27T13:39:51: > cd .. && python main.py
2025-07-27T13:39:51: 
2025-07-27T13:39:52: 
2025-07-27T13:39:52: > johnstreet@0.1.0 server:python
2025-07-27T13:39:52: > cd .. && python main.py
2025-07-27T13:39:52: 
2025-07-27T13:39:52: 
2025-07-27T13:39:52: > johnstreet@0.1.0 server:python
2025-07-27T13:39:52: > cd .. && python main.py
2025-07-27T13:39:52: 
2025-07-27T13:39:52: 
2025-07-27T13:39:52: > johnstreet@0.1.0 server:python
2025-07-27T13:39:52: > cd .. && python main.py
2025-07-27T13:39:52: 
2025-07-27T13:39:52: 
2025-07-27T13:39:52: > johnstreet@0.1.0 server:python
2025-07-27T13:39:52: > cd .. && python main.py
2025-07-27T13:39:52: 
2025-07-27T13:47:06: 
2025-07-27T13:47:06: > johnstreet@0.1.0 server:python
2025-07-27T13:47:06: > cd .. && python main.py
2025-07-27T13:47:06: 
2025-07-27T13:47:06: 
2025-07-27T13:47:06: > johnstreet@0.1.0 server:python
2025-07-27T13:47:06: > cd .. && python main.py
2025-07-27T13:47:06: 
2025-07-27T13:47:06: 
2025-07-27T13:47:06: > johnstreet@0.1.0 server:python
2025-07-27T13:47:06: > cd .. && python main.py
2025-07-27T13:47:06: 
2025-07-27T13:47:06: 
2025-07-27T13:47:06: > johnstreet@0.1.0 server:python
2025-07-27T13:47:06: > cd .. && python main.py
2025-07-27T13:47:06: 
2025-07-27T13:47:06: 
2025-07-27T13:47:06: > johnstreet@0.1.0 server:python
2025-07-27T13:47:06: > cd .. && python main.py
2025-07-27T13:47:06: 
2025-07-27T13:47:07: 
2025-07-27T13:47:07: > johnstreet@0.1.0 server:python
2025-07-27T13:47:07: > cd .. && python main.py
2025-07-27T13:47:07: 
2025-07-27T13:47:07: 
2025-07-27T13:47:07: > johnstreet@0.1.0 server:python
2025-07-27T13:47:07: > cd .. && python main.py
2025-07-27T13:47:07: 
2025-07-27T13:47:07: 
2025-07-27T13:47:07: > johnstreet@0.1.0 server:python
2025-07-27T13:47:07: > cd .. && python main.py
2025-07-27T13:47:07: 
2025-07-27T13:47:07: 
2025-07-27T13:47:07: > johnstreet@0.1.0 server:python
2025-07-27T13:47:07: > cd .. && python main.py
2025-07-27T13:47:07: 
2025-07-27T13:47:07: 
2025-07-27T13:47:07: > johnstreet@0.1.0 server:python
2025-07-27T13:47:07: > cd .. && python main.py
2025-07-27T13:47:07: 
2025-07-27T13:47:07: 
2025-07-27T13:47:07: > johnstreet@0.1.0 server:python
2025-07-27T13:47:07: > cd .. && python main.py
2025-07-27T13:47:07: 
2025-07-27T13:47:07: 
2025-07-27T13:47:07: > johnstreet@0.1.0 server:python
2025-07-27T13:47:07: > cd .. && python main.py
2025-07-27T13:47:07: 
2025-07-27T13:47:08: 
2025-07-27T13:47:08: > johnstreet@0.1.0 server:python
2025-07-27T13:47:08: > cd .. && python main.py
2025-07-27T13:47:08: 
2025-07-27T13:47:08: 
2025-07-27T13:47:08: > johnstreet@0.1.0 server:python
2025-07-27T13:47:08: > cd .. && python main.py
2025-07-27T13:47:08: 
2025-07-27T13:47:08: 
2025-07-27T13:47:08: > johnstreet@0.1.0 server:python
2025-07-27T13:47:08: > cd .. && python main.py
2025-07-27T13:47:08: 
2025-07-27T13:47:08: 
2025-07-27T13:47:08: > johnstreet@0.1.0 server:python
2025-07-27T13:47:08: > cd .. && python main.py
2025-07-27T13:47:08: 
2025-07-27T13:54:10: 
2025-07-27T13:54:10: > johnstreet@0.1.0 server:python
2025-07-27T13:54:10: > cd .. && python main.py
2025-07-27T13:54:10: 
2025-07-27T13:54:10: 
2025-07-27T13:54:10: > johnstreet@0.1.0 server:python
2025-07-27T13:54:10: > cd .. && python main.py
2025-07-27T13:54:10: 
2025-07-27T13:54:11: 
2025-07-27T13:54:11: > johnstreet@0.1.0 server:python
2025-07-27T13:54:11: > cd .. && python main.py
2025-07-27T13:54:11: 
2025-07-27T13:54:11: 
2025-07-27T13:54:11: > johnstreet@0.1.0 server:python
2025-07-27T13:54:11: > cd .. && python main.py
2025-07-27T13:54:11: 
2025-07-27T13:54:11: 
2025-07-27T13:54:11: > johnstreet@0.1.0 server:python
2025-07-27T13:54:11: > cd .. && python main.py
2025-07-27T13:54:11: 
2025-07-27T13:54:12: 
2025-07-27T13:54:12: > johnstreet@0.1.0 server:python
2025-07-27T13:54:12: > cd .. && python main.py
2025-07-27T13:54:12: 
2025-07-27T13:54:12: 
2025-07-27T13:54:12: > johnstreet@0.1.0 server:python
2025-07-27T13:54:12: > cd .. && python main.py
2025-07-27T13:54:12: 
2025-07-27T13:54:12: 
2025-07-27T13:54:12: > johnstreet@0.1.0 server:python
2025-07-27T13:54:12: > cd .. && python main.py
2025-07-27T13:54:12: 
2025-07-27T13:54:12: 
2025-07-27T13:54:12: > johnstreet@0.1.0 server:python
2025-07-27T13:54:12: > cd .. && python main.py
2025-07-27T13:54:12: 
2025-07-27T13:54:12: 
2025-07-27T13:54:12: > johnstreet@0.1.0 server:python
2025-07-27T13:54:12: > cd .. && python main.py
2025-07-27T13:54:12: 
2025-07-27T13:54:12: 
2025-07-27T13:54:12: > johnstreet@0.1.0 server:python
2025-07-27T13:54:12: > cd .. && python main.py
2025-07-27T13:54:12: 
2025-07-27T13:54:13: 
2025-07-27T13:54:13: > johnstreet@0.1.0 server:python
2025-07-27T13:54:13: > cd .. && python main.py
2025-07-27T13:54:13: 
2025-07-27T13:54:13: 
2025-07-27T13:54:13: > johnstreet@0.1.0 server:python
2025-07-27T13:54:13: > cd .. && python main.py
2025-07-27T13:54:13: 
2025-07-27T13:54:13: 
2025-07-27T13:54:13: > johnstreet@0.1.0 server:python
2025-07-27T13:54:13: > cd .. && python main.py
2025-07-27T13:54:13: 
2025-07-27T13:54:13: 
2025-07-27T13:54:13: > johnstreet@0.1.0 server:python
2025-07-27T13:54:13: > cd .. && python main.py
2025-07-27T13:54:13: 
2025-07-27T13:54:13: 
2025-07-27T13:54:13: > johnstreet@0.1.0 server:python
2025-07-27T13:54:13: > cd .. && python main.py
2025-07-27T13:54:13: 
2025-07-27T14:24:16: 
2025-07-27T14:24:16: > johnstreet@0.1.0 server:python
2025-07-27T14:24:16: > cd .. && python3 main.py
2025-07-27T14:24:16: 
2025-07-27T14:24:16: 
2025-07-27T14:24:16: > johnstreet@0.1.0 server:python
2025-07-27T14:24:16: > cd .. && python3 main.py
2025-07-27T14:24:16: 
2025-07-27T14:24:17: 
2025-07-27T14:24:17: > johnstreet@0.1.0 server:python
2025-07-27T14:24:17: > cd .. && python3 main.py
2025-07-27T14:24:17: 
2025-07-27T14:24:17: 
2025-07-27T14:24:17: > johnstreet@0.1.0 server:python
2025-07-27T14:24:17: > cd .. && python3 main.py
2025-07-27T14:24:17: 
2025-07-27T14:24:17: 
2025-07-27T14:24:17: > johnstreet@0.1.0 server:python
2025-07-27T14:24:17: > cd .. && python3 main.py
2025-07-27T14:24:17: 
2025-07-27T14:24:17: 
2025-07-27T14:24:17: > johnstreet@0.1.0 server:python
2025-07-27T14:24:17: > cd .. && python3 main.py
2025-07-27T14:24:17: 
2025-07-27T14:24:17: 
2025-07-27T14:24:17: > johnstreet@0.1.0 server:python
2025-07-27T14:24:17: > cd .. && python3 main.py
2025-07-27T14:24:17: 
2025-07-27T14:24:17: 
2025-07-27T14:24:17: > johnstreet@0.1.0 server:python
2025-07-27T14:24:17: > cd .. && python3 main.py
2025-07-27T14:24:17: 
2025-07-27T14:24:18: 
2025-07-27T14:24:18: > johnstreet@0.1.0 server:python
2025-07-27T14:24:18: > cd .. && python3 main.py
2025-07-27T14:24:18: 
2025-07-27T14:24:18: 
2025-07-27T14:24:18: > johnstreet@0.1.0 server:python
2025-07-27T14:24:18: > cd .. && python3 main.py
2025-07-27T14:24:18: 
2025-07-27T14:24:18: 
2025-07-27T14:24:18: > johnstreet@0.1.0 server:python
2025-07-27T14:24:18: > cd .. && python3 main.py
2025-07-27T14:24:18: 
2025-07-27T14:24:18: 
2025-07-27T14:24:18: > johnstreet@0.1.0 server:python
2025-07-27T14:24:18: > cd .. && python3 main.py
2025-07-27T14:24:18: 
2025-07-27T14:24:18: 
2025-07-27T14:24:18: > johnstreet@0.1.0 server:python
2025-07-27T14:24:18: > cd .. && python3 main.py
2025-07-27T14:24:18: 
2025-07-27T14:24:18: 
2025-07-27T14:24:18: > johnstreet@0.1.0 server:python
2025-07-27T14:24:18: > cd .. && python3 main.py
2025-07-27T14:24:18: 
2025-07-27T14:24:19: 
2025-07-27T14:24:19: > johnstreet@0.1.0 server:python
2025-07-27T14:24:19: > cd .. && python3 main.py
2025-07-27T14:24:19: 
2025-07-27T14:24:19: 
2025-07-27T14:24:19: > johnstreet@0.1.0 server:python
2025-07-27T14:24:19: > cd .. && python3 main.py
2025-07-27T14:24:19: 
2025-07-27T14:24:36: 
2025-07-27T14:24:36: > johnstreet@0.1.0 server:python
2025-07-27T14:24:36: > python3 main.py
2025-07-27T14:24:36: 
2025-07-27T14:24:36: 
2025-07-27T14:24:36: > johnstreet@0.1.0 server:python
2025-07-27T14:24:36: > python3 main.py
2025-07-27T14:24:36: 
2025-07-27T14:24:37: 
2025-07-27T14:24:37: > johnstreet@0.1.0 server:python
2025-07-27T14:24:37: > python3 main.py
2025-07-27T14:24:37: 
2025-07-27T14:24:37: 
2025-07-27T14:24:37: > johnstreet@0.1.0 server:python
2025-07-27T14:24:37: > python3 main.py
2025-07-27T14:24:37: 
2025-07-27T14:24:37: 
2025-07-27T14:24:37: > johnstreet@0.1.0 server:python
2025-07-27T14:24:37: > python3 main.py
2025-07-27T14:24:37: 
2025-07-27T14:24:37: 
2025-07-27T14:24:37: > johnstreet@0.1.0 server:python
2025-07-27T14:24:37: > python3 main.py
2025-07-27T14:24:37: 
2025-07-27T14:24:38: 
2025-07-27T14:24:38: > johnstreet@0.1.0 server:python
2025-07-27T14:24:38: > python3 main.py
2025-07-27T14:24:38: 
2025-07-27T14:24:38: 
2025-07-27T14:24:38: > johnstreet@0.1.0 server:python
2025-07-27T14:24:38: > python3 main.py
2025-07-27T14:24:38: 
2025-07-27T14:24:38: 
2025-07-27T14:24:38: > johnstreet@0.1.0 server:python
2025-07-27T14:24:38: > python3 main.py
2025-07-27T14:24:38: 
2025-07-27T14:24:38: 
2025-07-27T14:24:38: > johnstreet@0.1.0 server:python
2025-07-27T14:24:38: > python3 main.py
2025-07-27T14:24:38: 
2025-07-27T14:24:39: 
2025-07-27T14:24:39: > johnstreet@0.1.0 server:python
2025-07-27T14:24:39: > python3 main.py
2025-07-27T14:24:39: 
2025-07-27T14:24:39: 
2025-07-27T14:24:39: > johnstreet@0.1.0 server:python
2025-07-27T14:24:39: > python3 main.py
2025-07-27T14:24:39: 
2025-07-27T14:24:39: 
2025-07-27T14:24:39: > johnstreet@0.1.0 server:python
2025-07-27T14:24:39: > python3 main.py
2025-07-27T14:24:39: 
2025-07-27T14:24:39: 
2025-07-27T14:24:39: > johnstreet@0.1.0 server:python
2025-07-27T14:24:39: > python3 main.py
2025-07-27T14:24:39: 
2025-07-27T14:24:40: 
2025-07-27T14:24:40: > johnstreet@0.1.0 server:python
2025-07-27T14:24:40: > python3 main.py
2025-07-27T14:24:40: 
2025-07-27T14:24:40: 
2025-07-27T14:24:40: > johnstreet@0.1.0 server:python
2025-07-27T14:24:40: > python3 main.py
2025-07-27T14:24:40: 
2025-07-27T15:29:20: 
2025-07-27T15:29:20: > johnstreet@0.1.0 server:python
2025-07-27T15:29:20: > python3 main.py
2025-07-27T15:29:20: 
2025-07-27T15:29:20: 
2025-07-27T15:29:20: > johnstreet@0.1.0 server:python
2025-07-27T15:29:20: > python3 main.py
2025-07-27T15:29:20: 
2025-07-27T15:29:21: 
2025-07-27T15:29:21: > johnstreet@0.1.0 server:python
2025-07-27T15:29:21: > python3 main.py
2025-07-27T15:29:21: 
2025-07-27T15:29:21: 
2025-07-27T15:29:21: > johnstreet@0.1.0 server:python
2025-07-27T15:29:21: > python3 main.py
2025-07-27T15:29:21: 
2025-07-27T15:29:21: 
2025-07-27T15:29:21: > johnstreet@0.1.0 server:python
2025-07-27T15:29:21: > python3 main.py
2025-07-27T15:29:21: 
2025-07-27T15:29:21: 
2025-07-27T15:29:21: > johnstreet@0.1.0 server:python
2025-07-27T15:29:21: > python3 main.py
2025-07-27T15:29:21: 
2025-07-27T15:29:22: 
2025-07-27T15:29:22: > johnstreet@0.1.0 server:python
2025-07-27T15:29:22: > python3 main.py
2025-07-27T15:29:22: 
2025-07-27T15:29:22: 
2025-07-27T15:29:22: > johnstreet@0.1.0 server:python
2025-07-27T15:29:22: > python3 main.py
2025-07-27T15:29:22: 
2025-07-27T15:29:22: 
2025-07-27T15:29:22: > johnstreet@0.1.0 server:python
2025-07-27T15:29:22: > python3 main.py
2025-07-27T15:29:22: 
2025-07-27T15:29:22: 
2025-07-27T15:29:22: > johnstreet@0.1.0 server:python
2025-07-27T15:29:22: > python3 main.py
2025-07-27T15:29:22: 
2025-07-27T15:29:23: 
2025-07-27T15:29:23: > johnstreet@0.1.0 server:python
2025-07-27T15:29:23: > python3 main.py
2025-07-27T15:29:23: 
2025-07-27T15:29:23: 
2025-07-27T15:29:23: > johnstreet@0.1.0 server:python
2025-07-27T15:29:23: > python3 main.py
2025-07-27T15:29:23: 
2025-07-27T15:29:23: 
2025-07-27T15:29:23: > johnstreet@0.1.0 server:python
2025-07-27T15:29:23: > python3 main.py
2025-07-27T15:29:23: 
2025-07-27T15:29:23: 
2025-07-27T15:29:23: > johnstreet@0.1.0 server:python
2025-07-27T15:29:23: > python3 main.py
2025-07-27T15:29:23: 
2025-07-27T15:29:24: 
2025-07-27T15:29:24: > johnstreet@0.1.0 server:python
2025-07-27T15:29:24: > python3 main.py
2025-07-27T15:29:24: 
2025-07-27T15:29:24: 
2025-07-27T15:29:24: > johnstreet@0.1.0 server:python
2025-07-27T15:29:24: > python3 main.py
2025-07-27T15:29:24: 
2025-07-27T15:35:35: 
2025-07-27T15:35:35: > johnstreet@0.1.0 server:python
2025-07-27T15:35:35: > python3 main.py
2025-07-27T15:35:35: 
2025-07-27T15:35:36: 
2025-07-27T15:35:36: > johnstreet@0.1.0 server:python
2025-07-27T15:35:36: > python3 main.py
2025-07-27T15:35:36: 
2025-07-27T15:35:36: 
2025-07-27T15:35:36: > johnstreet@0.1.0 server:python
2025-07-27T15:35:36: > python3 main.py
2025-07-27T15:35:36: 
2025-07-27T15:35:37: 
2025-07-27T15:35:37: > johnstreet@0.1.0 server:python
2025-07-27T15:35:37: > python3 main.py
2025-07-27T15:35:37: 
2025-07-27T15:35:37: 
2025-07-27T15:35:37: > johnstreet@0.1.0 server:python
2025-07-27T15:35:37: > python3 main.py
2025-07-27T15:35:37: 
2025-07-27T15:35:38: 
2025-07-27T15:35:38: > johnstreet@0.1.0 server:python
2025-07-27T15:35:38: > python3 main.py
2025-07-27T15:35:38: 
2025-07-27T15:35:38: 
2025-07-27T15:35:38: > johnstreet@0.1.0 server:python
2025-07-27T15:35:38: > python3 main.py
2025-07-27T15:35:38: 
2025-07-27T15:35:39: 
2025-07-27T15:35:39: > johnstreet@0.1.0 server:python
2025-07-27T15:35:39: > python3 main.py
2025-07-27T15:35:39: 
2025-07-27T15:35:39: 
2025-07-27T15:35:39: > johnstreet@0.1.0 server:python
2025-07-27T15:35:39: > python3 main.py
2025-07-27T15:35:39: 
2025-07-27T15:35:40: 
2025-07-27T15:35:40: > johnstreet@0.1.0 server:python
2025-07-27T15:35:40: > python3 main.py
2025-07-27T15:35:40: 
2025-07-27T15:35:40: 
2025-07-27T15:35:40: > johnstreet@0.1.0 server:python
2025-07-27T15:35:40: > python3 main.py
2025-07-27T15:35:40: 
2025-07-27T15:35:41: 
2025-07-27T15:35:41: > johnstreet@0.1.0 server:python
2025-07-27T15:35:41: > python3 main.py
2025-07-27T15:35:41: 
2025-07-27T15:35:41: 
2025-07-27T15:35:41: > johnstreet@0.1.0 server:python
2025-07-27T15:35:41: > python3 main.py
2025-07-27T15:35:41: 
2025-07-27T15:35:42: 
2025-07-27T15:35:42: > johnstreet@0.1.0 server:python
2025-07-27T15:35:42: > python3 main.py
2025-07-27T15:35:42: 
2025-07-27T15:35:42: 
2025-07-27T15:35:42: > johnstreet@0.1.0 server:python
2025-07-27T15:35:42: > python3 main.py
2025-07-27T15:35:42: 
2025-07-27T15:35:43: 
2025-07-27T15:35:43: > johnstreet@0.1.0 server:python
2025-07-27T15:35:43: > python3 main.py
2025-07-27T15:35:43: 
2025-07-27T15:35:43: 
2025-07-27T15:35:43: > johnstreet@0.1.0 server:python
2025-07-27T15:35:43: > python3 main.py
2025-07-27T15:35:43: 
2025-07-27T15:35:55: 
2025-07-27T15:35:55: > johnstreet@0.1.0 server:python
2025-07-27T15:35:55: > python3 main.py
2025-07-27T15:35:55: 
2025-07-27T15:35:56: 
2025-07-27T15:35:56: > johnstreet@0.1.0 server:python
2025-07-27T15:35:56: > python3 main.py
2025-07-27T15:35:56: 
2025-07-27T15:35:57: 
2025-07-27T15:35:57: > johnstreet@0.1.0 server:python
2025-07-27T15:35:57: > python3 main.py
2025-07-27T15:35:57: 
2025-07-27T15:35:57: 
2025-07-27T15:35:57: > johnstreet@0.1.0 server:python
2025-07-27T15:35:57: > python3 main.py
2025-07-27T15:35:57: 
2025-07-27T15:35:58: 
2025-07-27T15:35:58: > johnstreet@0.1.0 server:python
2025-07-27T15:35:58: > python3 main.py
2025-07-27T15:35:58: 
2025-07-27T15:35:58: 
2025-07-27T15:35:58: > johnstreet@0.1.0 server:python
2025-07-27T15:35:58: > python3 main.py
2025-07-27T15:35:58: 
2025-07-27T15:35:59: 
2025-07-27T15:35:59: > johnstreet@0.1.0 server:python
2025-07-27T15:35:59: > python3 main.py
2025-07-27T15:35:59: 
2025-07-27T15:36:00: 
2025-07-27T15:36:00: > johnstreet@0.1.0 server:python
2025-07-27T15:36:00: > python3 main.py
2025-07-27T15:36:00: 
2025-07-27T15:36:00: 
2025-07-27T15:36:00: > johnstreet@0.1.0 server:python
2025-07-27T15:36:00: > python3 main.py
2025-07-27T15:36:00: 
2025-07-27T15:36:01: 
2025-07-27T15:36:01: > johnstreet@0.1.0 server:python
2025-07-27T15:36:01: > python3 main.py
2025-07-27T15:36:01: 
2025-07-27T15:36:01: 
2025-07-27T15:36:01: > johnstreet@0.1.0 server:python
2025-07-27T15:36:01: > python3 main.py
2025-07-27T15:36:01: 
2025-07-27T15:36:02: 
2025-07-27T15:36:02: > johnstreet@0.1.0 server:python
2025-07-27T15:36:02: > python3 main.py
2025-07-27T15:36:02: 
2025-07-27T15:36:03: 
2025-07-27T15:36:03: > johnstreet@0.1.0 server:python
2025-07-27T15:36:03: > python3 main.py
2025-07-27T15:36:03: 
2025-07-27T15:36:03: 
2025-07-27T15:36:03: > johnstreet@0.1.0 server:python
2025-07-27T15:36:03: > python3 main.py
2025-07-27T15:36:03: 
2025-07-27T15:36:04: 
2025-07-27T15:36:04: > johnstreet@0.1.0 server:python
2025-07-27T15:36:04: > python3 main.py
2025-07-27T15:36:04: 
2025-07-27T15:36:04: 
2025-07-27T15:36:04: > johnstreet@0.1.0 server:python
2025-07-27T15:36:04: > python3 main.py
2025-07-27T15:36:04: 
2025-07-27T15:37:48: 
2025-07-27T15:37:48: > johnstreet@0.1.0 server:python
2025-07-27T15:37:48: > python3 start_sentiment_server.py
2025-07-27T15:37:48: 
2025-07-27T15:37:48: Starting Sentiment Analysis API Server...
2025-07-27T15:37:48: Server will be available at http://localhost:5001
2025-07-27T15:37:48: Press Ctrl+C to stop the server
2025-07-27T15:37:48:  * Serving Flask app 'sentiment_server'
2025-07-27T15:37:48:  * Debug mode: off
